
Collecting usage statistics. To deactivate, set browser.gatherUsageStats to false.


  You can now view your Streamlit app in your browser.

  URL: http://0.0.0.0:8501

  For better performance, install the Watchdog module:

  $ xcode-select --install
  $ pip install watchdog
            
/Users/JoseSanchis/Projects/barberia_borges/dashboard/app.py:202: DeprecationWarning: datetime.datetime.utcnow() is deprecated and scheduled for removal in a future version. Use timezone-aware objects to represent datetimes in UTC: datetime.datetime.now(datetime.UTC).
  st.experimental_set_query_params(_=datetime.utcnow().timestamp())
2025-08-20 16:53:41.784 Please replace `st.experimental_set_query_params` with `st.query_params`.

`st.experimental_set_query_params` will be removed after 2024-04-11.

Refer to our [docs page](https://docs.streamlit.io/develop/api-reference/caching-and-state/st.query_params) for more information.
/Users/JoseSanchis/Projects/barberia_borges/dashboard/app.py:202: DeprecationWarning:

datetime.datetime.utcnow() is deprecated and scheduled for removal in a future version. Use timezone-aware objects to represent datetimes in UTC: datetime.datetime.now(datetime.UTC).

2025-08-20 16:54:14.077 Please replace `st.experimental_set_query_params` with `st.query_params`.

`st.experimental_set_query_params` will be removed after 2024-04-11.

Refer to our [docs page](https://docs.streamlit.io/develop/api-reference/caching-and-state/st.query_params) for more information.
/Users/JoseSanchis/Projects/barberia_borges/dashboard/app.py:202: DeprecationWarning:

datetime.datetime.utcnow() is deprecated and scheduled for removal in a future version. Use timezone-aware objects to represent datetimes in UTC: datetime.datetime.now(datetime.UTC).

2025-08-20 16:54:46.177 Please replace `st.experimental_set_query_params` with `st.query_params`.

`st.experimental_set_query_params` will be removed after 2024-04-11.

Refer to our [docs page](https://docs.streamlit.io/develop/api-reference/caching-and-state/st.query_params) for more information.
/Users/JoseSanchis/Projects/barberia_borges/dashboard/app.py:202: DeprecationWarning:

datetime.datetime.utcnow() is deprecated and scheduled for removal in a future version. Use timezone-aware objects to represent datetimes in UTC: datetime.datetime.now(datetime.UTC).

2025-08-20 16:55:18.604 Please replace `st.experimental_set_query_params` with `st.query_params`.

`st.experimental_set_query_params` will be removed after 2024-04-11.

Refer to our [docs page](https://docs.streamlit.io/develop/api-reference/caching-and-state/st.query_params) for more information.
/Users/JoseSanchis/Projects/barberia_borges/dashboard/app.py:202: DeprecationWarning:

datetime.datetime.utcnow() is deprecated and scheduled for removal in a future version. Use timezone-aware objects to represent datetimes in UTC: datetime.datetime.now(datetime.UTC).

2025-08-20 16:55:50.892 Please replace `st.experimental_set_query_params` with `st.query_params`.

`st.experimental_set_query_params` will be removed after 2024-04-11.

Refer to our [docs page](https://docs.streamlit.io/develop/api-reference/caching-and-state/st.query_params) for more information.
/Users/JoseSanchis/Projects/barberia_borges/dashboard/app.py:203: DeprecationWarning:

datetime.datetime.utcnow() is deprecated and scheduled for removal in a future version. Use timezone-aware objects to represent datetimes in UTC: datetime.datetime.now(datetime.UTC).

2025-08-20 16:56:13.333 Please replace `st.experimental_set_query_params` with `st.query_params`.

`st.experimental_set_query_params` will be removed after 2024-04-11.

Refer to our [docs page](https://docs.streamlit.io/develop/api-reference/caching-and-state/st.query_params) for more information.
/Users/JoseSanchis/Projects/barberia_borges/dashboard/app.py:203: DeprecationWarning:

datetime.datetime.utcnow() is deprecated and scheduled for removal in a future version. Use timezone-aware objects to represent datetimes in UTC: datetime.datetime.now(datetime.UTC).

2025-08-20 16:56:23.286 Please replace `st.experimental_set_query_params` with `st.query_params`.

`st.experimental_set_query_params` will be removed after 2024-04-11.

Refer to our [docs page](https://docs.streamlit.io/develop/api-reference/caching-and-state/st.query_params) for more information.
/Users/JoseSanchis/Projects/barberia_borges/dashboard/app.py:203: DeprecationWarning:

datetime.datetime.utcnow() is deprecated and scheduled for removal in a future version. Use timezone-aware objects to represent datetimes in UTC: datetime.datetime.now(datetime.UTC).

2025-08-20 16:56:56.253 Please replace `st.experimental_set_query_params` with `st.query_params`.

`st.experimental_set_query_params` will be removed after 2024-04-11.

Refer to our [docs page](https://docs.streamlit.io/develop/api-reference/caching-and-state/st.query_params) for more information.
/Users/JoseSanchis/Projects/barberia_borges/dashboard/app.py:203: DeprecationWarning:

datetime.datetime.utcnow() is deprecated and scheduled for removal in a future version. Use timezone-aware objects to represent datetimes in UTC: datetime.datetime.now(datetime.UTC).

2025-08-20 16:57:13.465 Please replace `st.experimental_set_query_params` with `st.query_params`.

`st.experimental_set_query_params` will be removed after 2024-04-11.

Refer to our [docs page](https://docs.streamlit.io/develop/api-reference/caching-and-state/st.query_params) for more information.
/Users/JoseSanchis/Projects/barberia_borges/dashboard/app.py:203: DeprecationWarning:

datetime.datetime.utcnow() is deprecated and scheduled for removal in a future version. Use timezone-aware objects to represent datetimes in UTC: datetime.datetime.now(datetime.UTC).

2025-08-20 16:57:15.535 Please replace `st.experimental_set_query_params` with `st.query_params`.

`st.experimental_set_query_params` will be removed after 2024-04-11.

Refer to our [docs page](https://docs.streamlit.io/develop/api-reference/caching-and-state/st.query_params) for more information.
/Users/JoseSanchis/Projects/barberia_borges/dashboard/app.py:203: DeprecationWarning:

datetime.datetime.utcnow() is deprecated and scheduled for removal in a future version. Use timezone-aware objects to represent datetimes in UTC: datetime.datetime.now(datetime.UTC).

2025-08-20 16:57:17.703 Please replace `st.experimental_set_query_params` with `st.query_params`.

`st.experimental_set_query_params` will be removed after 2024-04-11.

Refer to our [docs page](https://docs.streamlit.io/develop/api-reference/caching-and-state/st.query_params) for more information.
/Users/JoseSanchis/Projects/barberia_borges/dashboard/app.py:203: DeprecationWarning:

datetime.datetime.utcnow() is deprecated and scheduled for removal in a future version. Use timezone-aware objects to represent datetimes in UTC: datetime.datetime.now(datetime.UTC).

2025-08-20 16:57:18.299 Please replace `st.experimental_set_query_params` with `st.query_params`.

`st.experimental_set_query_params` will be removed after 2024-04-11.

Refer to our [docs page](https://docs.streamlit.io/develop/api-reference/caching-and-state/st.query_params) for more information.
/Users/JoseSanchis/Projects/barberia_borges/dashboard/app.py:203: DeprecationWarning:

datetime.datetime.utcnow() is deprecated and scheduled for removal in a future version. Use timezone-aware objects to represent datetimes in UTC: datetime.datetime.now(datetime.UTC).

2025-08-20 16:57:28.505 Please replace `st.experimental_set_query_params` with `st.query_params`.

`st.experimental_set_query_params` will be removed after 2024-04-11.

Refer to our [docs page](https://docs.streamlit.io/develop/api-reference/caching-and-state/st.query_params) for more information.
/Users/JoseSanchis/Projects/barberia_borges/dashboard/app.py:203: DeprecationWarning:

datetime.datetime.utcnow() is deprecated and scheduled for removal in a future version. Use timezone-aware objects to represent datetimes in UTC: datetime.datetime.now(datetime.UTC).

2025-08-20 16:57:30.689 Please replace `st.experimental_set_query_params` with `st.query_params`.

`st.experimental_set_query_params` will be removed after 2024-04-11.

Refer to our [docs page](https://docs.streamlit.io/develop/api-reference/caching-and-state/st.query_params) for more information.
/Users/JoseSanchis/Projects/barberia_borges/dashboard/app.py:203: DeprecationWarning:

datetime.datetime.utcnow() is deprecated and scheduled for removal in a future version. Use timezone-aware objects to represent datetimes in UTC: datetime.datetime.now(datetime.UTC).

2025-08-20 16:57:31.047 Please replace `st.experimental_set_query_params` with `st.query_params`.

`st.experimental_set_query_params` will be removed after 2024-04-11.

Refer to our [docs page](https://docs.streamlit.io/develop/api-reference/caching-and-state/st.query_params) for more information.
/Users/JoseSanchis/Projects/barberia_borges/dashboard/app.py:203: DeprecationWarning:

datetime.datetime.utcnow() is deprecated and scheduled for removal in a future version. Use timezone-aware objects to represent datetimes in UTC: datetime.datetime.now(datetime.UTC).

2025-08-20 16:57:32.198 Please replace `st.experimental_set_query_params` with `st.query_params`.

`st.experimental_set_query_params` will be removed after 2024-04-11.

Refer to our [docs page](https://docs.streamlit.io/develop/api-reference/caching-and-state/st.query_params) for more information.
/Users/JoseSanchis/Projects/barberia_borges/dashboard/app.py:203: DeprecationWarning:

datetime.datetime.utcnow() is deprecated and scheduled for removal in a future version. Use timezone-aware objects to represent datetimes in UTC: datetime.datetime.now(datetime.UTC).

2025-08-20 16:57:32.690 Please replace `st.experimental_set_query_params` with `st.query_params`.

`st.experimental_set_query_params` will be removed after 2024-04-11.

Refer to our [docs page](https://docs.streamlit.io/develop/api-reference/caching-and-state/st.query_params) for more information.
/Users/JoseSanchis/Projects/barberia_borges/dashboard/app.py:203: DeprecationWarning:

datetime.datetime.utcnow() is deprecated and scheduled for removal in a future version. Use timezone-aware objects to represent datetimes in UTC: datetime.datetime.now(datetime.UTC).

2025-08-20 16:58:00.862 Please replace `st.experimental_set_query_params` with `st.query_params`.

`st.experimental_set_query_params` will be removed after 2024-04-11.

Refer to our [docs page](https://docs.streamlit.io/develop/api-reference/caching-and-state/st.query_params) for more information.
/Users/JoseSanchis/Projects/barberia_borges/dashboard/app.py:203: DeprecationWarning:

datetime.datetime.utcnow() is deprecated and scheduled for removal in a future version. Use timezone-aware objects to represent datetimes in UTC: datetime.datetime.now(datetime.UTC).

2025-08-20 16:58:33.359 Please replace `st.experimental_set_query_params` with `st.query_params`.

`st.experimental_set_query_params` will be removed after 2024-04-11.

Refer to our [docs page](https://docs.streamlit.io/develop/api-reference/caching-and-state/st.query_params) for more information.
